{
  "C:\\Users\\David\\Desktop\\Dev Projects\\_PERSONAL PROJECTS\\bgg-library\\store\\userDataSlice.js": {
    "path": "C:\\Users\\David\\Desktop\\Dev Projects\\_PERSONAL PROJECTS\\bgg-library\\store\\userDataSlice.js",
    "statementMap": {
      "0": {
        "start": {
          "line": 3,
          "column": 29
        },
        "end": {
          "line": 21,
          "column": 1
        }
      },
      "1": {
        "start": {
          "line": 23,
          "column": 22
        },
        "end": {
          "line": 55,
          "column": 2
        }
      },
      "2": {
        "start": {
          "line": 28,
          "column": 12
        },
        "end": {
          "line": 28,
          "column": 46
        }
      },
      "3": {
        "start": {
          "line": 31,
          "column": 12
        },
        "end": {
          "line": 31,
          "column": 40
        }
      },
      "4": {
        "start": {
          "line": 34,
          "column": 12
        },
        "end": {
          "line": 34,
          "column": 30
        }
      },
      "5": {
        "start": {
          "line": 37,
          "column": 12
        },
        "end": {
          "line": 37,
          "column": 39
        }
      },
      "6": {
        "start": {
          "line": 40,
          "column": 12
        },
        "end": {
          "line": 40,
          "column": 51
        }
      },
      "7": {
        "start": {
          "line": 43,
          "column": 12
        },
        "end": {
          "line": 43,
          "column": 41
        }
      },
      "8": {
        "start": {
          "line": 46,
          "column": 12
        },
        "end": {
          "line": 46,
          "column": 51
        }
      },
      "9": {
        "start": {
          "line": 49,
          "column": 12
        },
        "end": {
          "line": 49,
          "column": 52
        }
      },
      "10": {
        "start": {
          "line": 52,
          "column": 12
        },
        "end": {
          "line": 52,
          "column": 112
        }
      },
      "11": {
        "start": {
          "line": 56,
          "column": 31
        },
        "end": {
          "line": 56,
          "column": 52
        }
      }
    },
    "fnMap": {
      "0": {
        "name": "(anonymous_0)",
        "decl": {
          "start": {
            "line": 27,
            "column": 8
          },
          "end": {
            "line": 27,
            "column": 9
          }
        },
        "loc": {
          "start": {
            "line": 27,
            "column": 38
          },
          "end": {
            "line": 29,
            "column": 9
          }
        },
        "line": 27
      },
      "1": {
        "name": "(anonymous_1)",
        "decl": {
          "start": {
            "line": 30,
            "column": 8
          },
          "end": {
            "line": 30,
            "column": 9
          }
        },
        "loc": {
          "start": {
            "line": 30,
            "column": 46
          },
          "end": {
            "line": 32,
            "column": 9
          }
        },
        "line": 30
      },
      "2": {
        "name": "(anonymous_2)",
        "decl": {
          "start": {
            "line": 33,
            "column": 8
          },
          "end": {
            "line": 33,
            "column": 9
          }
        },
        "loc": {
          "start": {
            "line": 33,
            "column": 43
          },
          "end": {
            "line": 35,
            "column": 9
          }
        },
        "line": 33
      },
      "3": {
        "name": "(anonymous_3)",
        "decl": {
          "start": {
            "line": 36,
            "column": 8
          },
          "end": {
            "line": 36,
            "column": 9
          }
        },
        "loc": {
          "start": {
            "line": 36,
            "column": 41
          },
          "end": {
            "line": 38,
            "column": 9
          }
        },
        "line": 36
      },
      "4": {
        "name": "(anonymous_4)",
        "decl": {
          "start": {
            "line": 39,
            "column": 8
          },
          "end": {
            "line": 39,
            "column": 9
          }
        },
        "loc": {
          "start": {
            "line": 39,
            "column": 44
          },
          "end": {
            "line": 41,
            "column": 9
          }
        },
        "line": 39
      },
      "5": {
        "name": "(anonymous_5)",
        "decl": {
          "start": {
            "line": 42,
            "column": 8
          },
          "end": {
            "line": 42,
            "column": 9
          }
        },
        "loc": {
          "start": {
            "line": 42,
            "column": 45
          },
          "end": {
            "line": 44,
            "column": 9
          }
        },
        "line": 42
      },
      "6": {
        "name": "(anonymous_6)",
        "decl": {
          "start": {
            "line": 45,
            "column": 8
          },
          "end": {
            "line": 45,
            "column": 9
          }
        },
        "loc": {
          "start": {
            "line": 45,
            "column": 43
          },
          "end": {
            "line": 47,
            "column": 9
          }
        },
        "line": 45
      },
      "7": {
        "name": "(anonymous_7)",
        "decl": {
          "start": {
            "line": 48,
            "column": 8
          },
          "end": {
            "line": 48,
            "column": 9
          }
        },
        "loc": {
          "start": {
            "line": 48,
            "column": 44
          },
          "end": {
            "line": 50,
            "column": 9
          }
        },
        "line": 48
      },
      "8": {
        "name": "(anonymous_8)",
        "decl": {
          "start": {
            "line": 51,
            "column": 8
          },
          "end": {
            "line": 51,
            "column": 9
          }
        },
        "loc": {
          "start": {
            "line": 51,
            "column": 45
          },
          "end": {
            "line": 53,
            "column": 9
          }
        },
        "line": 51
      }
    },
    "branchMap": {},
    "s": {
      "0": 17,
      "1": 17,
      "2": 15,
      "3": 9,
      "4": 15,
      "5": 9,
      "6": 2,
      "7": 2,
      "8": 2,
      "9": 2,
      "10": 30,
      "11": 17
    },
    "f": {
      "0": 15,
      "1": 9,
      "2": 15,
      "3": 9,
      "4": 2,
      "5": 2,
      "6": 2,
      "7": 2,
      "8": 30
    },
    "b": {},
    "_coverageSchema": "1a1c01bbd47fc00a2c39e90264f33305004495a9",
    "hash": "285d5f6dae354539b6d825f5c7c5270f8417af0d"
  },
  "C:\\Users\\David\\Desktop\\Dev Projects\\_PERSONAL PROJECTS\\bgg-library\\store\\formStatusSlice.js": {
    "path": "C:\\Users\\David\\Desktop\\Dev Projects\\_PERSONAL PROJECTS\\bgg-library\\store\\formStatusSlice.js",
    "statementMap": {
      "0": {
        "start": {
          "line": 3,
          "column": 31
        },
        "end": {
          "line": 8,
          "column": 1
        }
      },
      "1": {
        "start": {
          "line": 10,
          "column": 24
        },
        "end": {
          "line": 39,
          "column": 2
        }
      },
      "2": {
        "start": {
          "line": 15,
          "column": 12
        },
        "end": {
          "line": 15,
          "column": 42
        }
      },
      "3": {
        "start": {
          "line": 16,
          "column": 12
        },
        "end": {
          "line": 16,
          "column": 32
        }
      },
      "4": {
        "start": {
          "line": 19,
          "column": 12
        },
        "end": {
          "line": 19,
          "column": 42
        }
      },
      "5": {
        "start": {
          "line": 20,
          "column": 12
        },
        "end": {
          "line": 20,
          "column": 33
        }
      },
      "6": {
        "start": {
          "line": 21,
          "column": 12
        },
        "end": {
          "line": 21,
          "column": 39
        }
      },
      "7": {
        "start": {
          "line": 24,
          "column": 12
        },
        "end": {
          "line": 24,
          "column": 44
        }
      },
      "8": {
        "start": {
          "line": 25,
          "column": 12
        },
        "end": {
          "line": 25,
          "column": 32
        }
      },
      "9": {
        "start": {
          "line": 28,
          "column": 12
        },
        "end": {
          "line": 28,
          "column": 33
        }
      },
      "10": {
        "start": {
          "line": 29,
          "column": 12
        },
        "end": {
          "line": 29,
          "column": 35
        }
      },
      "11": {
        "start": {
          "line": 30,
          "column": 12
        },
        "end": {
          "line": 30,
          "column": 52
        }
      },
      "12": {
        "start": {
          "line": 33,
          "column": 12
        },
        "end": {
          "line": 33,
          "column": 33
        }
      },
      "13": {
        "start": {
          "line": 34,
          "column": 12
        },
        "end": {
          "line": 34,
          "column": 35
        }
      },
      "14": {
        "start": {
          "line": 35,
          "column": 12
        },
        "end": {
          "line": 35,
          "column": 41
        }
      },
      "15": {
        "start": {
          "line": 36,
          "column": 12
        },
        "end": {
          "line": 36,
          "column": 32
        }
      },
      "16": {
        "start": {
          "line": 40,
          "column": 33
        },
        "end": {
          "line": 40,
          "column": 56
        }
      }
    },
    "fnMap": {
      "0": {
        "name": "(anonymous_0)",
        "decl": {
          "start": {
            "line": 14,
            "column": 8
          },
          "end": {
            "line": 14,
            "column": 9
          }
        },
        "loc": {
          "start": {
            "line": 14,
            "column": 34
          },
          "end": {
            "line": 17,
            "column": 9
          }
        },
        "line": 14
      },
      "1": {
        "name": "(anonymous_1)",
        "decl": {
          "start": {
            "line": 18,
            "column": 8
          },
          "end": {
            "line": 18,
            "column": 9
          }
        },
        "loc": {
          "start": {
            "line": 18,
            "column": 37
          },
          "end": {
            "line": 22,
            "column": 9
          }
        },
        "line": 18
      },
      "2": {
        "name": "(anonymous_2)",
        "decl": {
          "start": {
            "line": 23,
            "column": 8
          },
          "end": {
            "line": 23,
            "column": 9
          }
        },
        "loc": {
          "start": {
            "line": 23,
            "column": 39
          },
          "end": {
            "line": 26,
            "column": 9
          }
        },
        "line": 23
      },
      "3": {
        "name": "(anonymous_3)",
        "decl": {
          "start": {
            "line": 27,
            "column": 8
          },
          "end": {
            "line": 27,
            "column": 9
          }
        },
        "loc": {
          "start": {
            "line": 27,
            "column": 34
          },
          "end": {
            "line": 31,
            "column": 9
          }
        },
        "line": 27
      },
      "4": {
        "name": "(anonymous_4)",
        "decl": {
          "start": {
            "line": 32,
            "column": 8
          },
          "end": {
            "line": 32,
            "column": 9
          }
        },
        "loc": {
          "start": {
            "line": 32,
            "column": 34
          },
          "end": {
            "line": 37,
            "column": 9
          }
        },
        "line": 32
      }
    },
    "branchMap": {},
    "s": {
      "0": 17,
      "1": 17,
      "2": 0,
      "3": 0,
      "4": 9,
      "5": 9,
      "6": 9,
      "7": 4,
      "8": 4,
      "9": 3,
      "10": 3,
      "11": 3,
      "12": 9,
      "13": 9,
      "14": 9,
      "15": 9,
      "16": 17
    },
    "f": {
      "0": 0,
      "1": 9,
      "2": 4,
      "3": 3,
      "4": 9
    },
    "b": {},
    "_coverageSchema": "1a1c01bbd47fc00a2c39e90264f33305004495a9",
    "hash": "3d4831e8a8ca61d072797045247c9dce97e8cbf4"
  },
  "C:\\Users\\David\\Desktop\\Dev Projects\\_PERSONAL PROJECTS\\bgg-library\\store\\appStateSlice.js": {
    "path": "C:\\Users\\David\\Desktop\\Dev Projects\\_PERSONAL PROJECTS\\bgg-library\\store\\appStateSlice.js",
    "statementMap": {
      "0": {
        "start": {
          "line": 3,
          "column": 29
        },
        "end": {
          "line": 6,
          "column": 1
        }
      },
      "1": {
        "start": {
          "line": 8,
          "column": 22
        },
        "end": {
          "line": 25,
          "column": 2
        }
      },
      "2": {
        "start": {
          "line": 13,
          "column": 12
        },
        "end": {
          "line": 13,
          "column": 37
        }
      },
      "3": {
        "start": {
          "line": 16,
          "column": 12
        },
        "end": {
          "line": 16,
          "column": 38
        }
      },
      "4": {
        "start": {
          "line": 19,
          "column": 12
        },
        "end": {
          "line": 19,
          "column": 37
        }
      },
      "5": {
        "start": {
          "line": 22,
          "column": 12
        },
        "end": {
          "line": 22,
          "column": 38
        }
      },
      "6": {
        "start": {
          "line": 26,
          "column": 31
        },
        "end": {
          "line": 26,
          "column": 52
        }
      }
    },
    "fnMap": {
      "0": {
        "name": "(anonymous_0)",
        "decl": {
          "start": {
            "line": 12,
            "column": 8
          },
          "end": {
            "line": 12,
            "column": 9
          }
        },
        "loc": {
          "start": {
            "line": 12,
            "column": 35
          },
          "end": {
            "line": 14,
            "column": 9
          }
        },
        "line": 12
      },
      "1": {
        "name": "(anonymous_1)",
        "decl": {
          "start": {
            "line": 15,
            "column": 8
          },
          "end": {
            "line": 15,
            "column": 9
          }
        },
        "loc": {
          "start": {
            "line": 15,
            "column": 36
          },
          "end": {
            "line": 17,
            "column": 9
          }
        },
        "line": 15
      },
      "2": {
        "name": "(anonymous_2)",
        "decl": {
          "start": {
            "line": 18,
            "column": 8
          },
          "end": {
            "line": 18,
            "column": 9
          }
        },
        "loc": {
          "start": {
            "line": 18,
            "column": 35
          },
          "end": {
            "line": 20,
            "column": 9
          }
        },
        "line": 18
      },
      "3": {
        "name": "(anonymous_3)",
        "decl": {
          "start": {
            "line": 21,
            "column": 8
          },
          "end": {
            "line": 21,
            "column": 9
          }
        },
        "loc": {
          "start": {
            "line": 21,
            "column": 36
          },
          "end": {
            "line": 23,
            "column": 9
          }
        },
        "line": 21
      }
    },
    "branchMap": {},
    "s": {
      "0": 17,
      "1": 17,
      "2": 4,
      "3": 11,
      "4": 2,
      "5": 2,
      "6": 17
    },
    "f": {
      "0": 4,
      "1": 11,
      "2": 2,
      "3": 2
    },
    "b": {},
    "_coverageSchema": "1a1c01bbd47fc00a2c39e90264f33305004495a9",
    "hash": "750567a809235cc00dcbc843050eb7c2459eaf82"
  },
  "C:\\Users\\David\\Desktop\\Dev Projects\\_PERSONAL PROJECTS\\bgg-library\\store\\index.js": {
    "path": "C:\\Users\\David\\Desktop\\Dev Projects\\_PERSONAL PROJECTS\\bgg-library\\store\\index.js",
    "statementMap": {
      "0": {
        "start": {
          "line": 6,
          "column": 14
        },
        "end": {
          "line": 12,
          "column": 2
        }
      }
    },
    "fnMap": {},
    "branchMap": {},
    "s": {
      "0": 17
    },
    "f": {},
    "b": {},
    "_coverageSchema": "1a1c01bbd47fc00a2c39e90264f33305004495a9",
    "hash": "7e4ebe3806f59f74d6dbd7b6889dfcb961a1b5d7"
  },
  "C:\\Users\\David\\Desktop\\Dev Projects\\_PERSONAL PROJECTS\\bgg-library\\pages\\_app.js": {
    "path": "C:\\Users\\David\\Desktop\\Dev Projects\\_PERSONAL PROJECTS\\bgg-library\\pages\\_app.js",
    "statementMap": {
      "0": {
        "start": {
          "line": 6,
          "column": 2
        },
        "end": {
          "line": 10,
          "column": 3
        }
      }
    },
    "fnMap": {
      "0": {
        "name": "MyApp",
        "decl": {
          "start": {
            "line": 5,
            "column": 9
          },
          "end": {
            "line": 5,
            "column": 14
          }
        },
        "loc": {
          "start": {
            "line": 5,
            "column": 41
          },
          "end": {
            "line": 11,
            "column": 1
          }
        },
        "line": 5
      }
    },
    "branchMap": {},
    "s": {
      "0": 50
    },
    "f": {
      "0": 50
    },
    "b": {},
    "_coverageSchema": "1a1c01bbd47fc00a2c39e90264f33305004495a9",
    "hash": "b2a77aa9aaef17f8cff564509f0df0bd80bd6226"
  },
  "C:\\Users\\David\\Desktop\\Dev Projects\\_PERSONAL PROJECTS\\bgg-library\\Hooks\\useFetchControl.js": {
    "path": "C:\\Users\\David\\Desktop\\Dev Projects\\_PERSONAL PROJECTS\\bgg-library\\Hooks\\useFetchControl.js",
    "statementMap": {
      "0": {
        "start": {
          "line": 7,
          "column": 24
        },
        "end": {
          "line": 199,
          "column": 1
        }
      },
      "1": {
        "start": {
          "line": 8,
          "column": 21
        },
        "end": {
          "line": 8,
          "column": 34
        }
      },
      "2": {
        "start": {
          "line": 9,
          "column": 42
        },
        "end": {
          "line": 9,
          "column": 54
        }
      },
      "3": {
        "start": {
          "line": 10,
          "column": 46
        },
        "end": {
          "line": 10,
          "column": 57
        }
      },
      "4": {
        "start": {
          "line": 15,
          "column": 23
        },
        "end": {
          "line": 25,
          "column": 5
        }
      },
      "5": {
        "start": {
          "line": 16,
          "column": 8
        },
        "end": {
          "line": 21,
          "column": 9
        }
      },
      "6": {
        "start": {
          "line": 17,
          "column": 12
        },
        "end": {
          "line": 17,
          "column": 38
        }
      },
      "7": {
        "start": {
          "line": 18,
          "column": 12
        },
        "end": {
          "line": 20,
          "column": 20
        }
      },
      "8": {
        "start": {
          "line": 19,
          "column": 12
        },
        "end": {
          "line": 19,
          "column": 63
        }
      },
      "9": {
        "start": {
          "line": 22,
          "column": 8
        },
        "end": {
          "line": 24,
          "column": 9
        }
      },
      "10": {
        "start": {
          "line": 23,
          "column": 12
        },
        "end": {
          "line": 23,
          "column": 97
        }
      },
      "11": {
        "start": {
          "line": 26,
          "column": 4
        },
        "end": {
          "line": 28,
          "column": 23
        }
      },
      "12": {
        "start": {
          "line": 27,
          "column": 8
        },
        "end": {
          "line": 27,
          "column": 20
        }
      },
      "13": {
        "start": {
          "line": 31,
          "column": 8
        },
        "end": {
          "line": 31,
          "column": 55
        }
      },
      "14": {
        "start": {
          "line": 32,
          "column": 8
        },
        "end": {
          "line": 32,
          "column": 61
        }
      },
      "15": {
        "start": {
          "line": 33,
          "column": 8
        },
        "end": {
          "line": 53,
          "column": 9
        }
      },
      "16": {
        "start": {
          "line": 34,
          "column": 27
        },
        "end": {
          "line": 34,
          "column": 99
        }
      },
      "17": {
        "start": {
          "line": 35,
          "column": 16
        },
        "end": {
          "line": 37,
          "column": 17
        }
      },
      "18": {
        "start": {
          "line": 36,
          "column": 24
        },
        "end": {
          "line": 36,
          "column": 46
        }
      },
      "19": {
        "start": {
          "line": 38,
          "column": 16
        },
        "end": {
          "line": 41,
          "column": 17
        }
      },
      "20": {
        "start": {
          "line": 39,
          "column": 20
        },
        "end": {
          "line": 39,
          "column": 66
        }
      },
      "21": {
        "start": {
          "line": 40,
          "column": 20
        },
        "end": {
          "line": 40,
          "column": 55
        }
      },
      "22": {
        "start": {
          "line": 42,
          "column": 16
        },
        "end": {
          "line": 45,
          "column": 17
        }
      },
      "23": {
        "start": {
          "line": 43,
          "column": 20
        },
        "end": {
          "line": 43,
          "column": 109
        }
      },
      "24": {
        "start": {
          "line": 44,
          "column": 20
        },
        "end": {
          "line": 44,
          "column": 73
        }
      },
      "25": {
        "start": {
          "line": 51,
          "column": 12
        },
        "end": {
          "line": 51,
          "column": 68
        }
      },
      "26": {
        "start": {
          "line": 52,
          "column": 12
        },
        "end": {
          "line": 52,
          "column": 31
        }
      },
      "27": {
        "start": {
          "line": 57,
          "column": 36
        },
        "end": {
          "line": 141,
          "column": 5
        }
      },
      "28": {
        "start": {
          "line": 58,
          "column": 8
        },
        "end": {
          "line": 140,
          "column": 9
        }
      },
      "29": {
        "start": {
          "line": 59,
          "column": 27
        },
        "end": {
          "line": 59,
          "column": 42
        }
      },
      "30": {
        "start": {
          "line": 60,
          "column": 27
        },
        "end": {
          "line": 60,
          "column": 71
        }
      },
      "31": {
        "start": {
          "line": 61,
          "column": 29
        },
        "end": {
          "line": 61,
          "column": 64
        }
      },
      "32": {
        "start": {
          "line": 62,
          "column": 43
        },
        "end": {
          "line": 62,
          "column": 45
        }
      },
      "33": {
        "start": {
          "line": 63,
          "column": 12
        },
        "end": {
          "line": 137,
          "column": 13
        }
      },
      "34": {
        "start": {
          "line": 63,
          "column": 32
        },
        "end": {
          "line": 63,
          "column": 33
        }
      },
      "35": {
        "start": {
          "line": 63,
          "column": 41
        },
        "end": {
          "line": 63,
          "column": 56
        }
      },
      "36": {
        "start": {
          "line": 64,
          "column": 37
        },
        "end": {
          "line": 64,
          "column": 65
        }
      },
      "37": {
        "start": {
          "line": 65,
          "column": 32
        },
        "end": {
          "line": 84,
          "column": 17
        }
      },
      "38": {
        "start": {
          "line": 85,
          "column": 16
        },
        "end": {
          "line": 135,
          "column": 17
        }
      },
      "39": {
        "start": {
          "line": 85,
          "column": 37
        },
        "end": {
          "line": 85,
          "column": 38
        }
      },
      "40": {
        "start": {
          "line": 85,
          "column": 46
        },
        "end": {
          "line": 85,
          "column": 65
        }
      },
      "41": {
        "start": {
          "line": 86,
          "column": 20
        },
        "end": {
          "line": 88,
          "column": 21
        }
      },
      "42": {
        "start": {
          "line": 87,
          "column": 24
        },
        "end": {
          "line": 87,
          "column": 83
        }
      },
      "43": {
        "start": {
          "line": 89,
          "column": 20
        },
        "end": {
          "line": 91,
          "column": 21
        }
      },
      "44": {
        "start": {
          "line": 90,
          "column": 24
        },
        "end": {
          "line": 90,
          "column": 82
        }
      },
      "45": {
        "start": {
          "line": 92,
          "column": 20
        },
        "end": {
          "line": 94,
          "column": 21
        }
      },
      "46": {
        "start": {
          "line": 93,
          "column": 24
        },
        "end": {
          "line": 93,
          "column": 81
        }
      },
      "47": {
        "start": {
          "line": 95,
          "column": 20
        },
        "end": {
          "line": 97,
          "column": 21
        }
      },
      "48": {
        "start": {
          "line": 96,
          "column": 24
        },
        "end": {
          "line": 96,
          "column": 83
        }
      },
      "49": {
        "start": {
          "line": 98,
          "column": 20
        },
        "end": {
          "line": 100,
          "column": 21
        }
      },
      "50": {
        "start": {
          "line": 99,
          "column": 24
        },
        "end": {
          "line": 99,
          "column": 83
        }
      },
      "51": {
        "start": {
          "line": 101,
          "column": 20
        },
        "end": {
          "line": 134,
          "column": 21
        }
      },
      "52": {
        "start": {
          "line": 102,
          "column": 24
        },
        "end": {
          "line": 133,
          "column": 25
        }
      },
      "53": {
        "start": {
          "line": 102,
          "column": 49
        },
        "end": {
          "line": 102,
          "column": 50
        }
      },
      "54": {
        "start": {
          "line": 103,
          "column": 38
        },
        "end": {
          "line": 103,
          "column": 94
        }
      },
      "55": {
        "start": {
          "line": 106,
          "column": 28
        },
        "end": {
          "line": 108,
          "column": 29
        }
      },
      "56": {
        "start": {
          "line": 107,
          "column": 32
        },
        "end": {
          "line": 107,
          "column": 58
        }
      },
      "57": {
        "start": {
          "line": 109,
          "column": 28
        },
        "end": {
          "line": 111,
          "column": 29
        }
      },
      "58": {
        "start": {
          "line": 110,
          "column": 32
        },
        "end": {
          "line": 110,
          "column": 64
        }
      },
      "59": {
        "start": {
          "line": 112,
          "column": 28
        },
        "end": {
          "line": 114,
          "column": 29
        }
      },
      "60": {
        "start": {
          "line": 113,
          "column": 32
        },
        "end": {
          "line": 113,
          "column": 63
        }
      },
      "61": {
        "start": {
          "line": 115,
          "column": 28
        },
        "end": {
          "line": 117,
          "column": 29
        }
      },
      "62": {
        "start": {
          "line": 116,
          "column": 32
        },
        "end": {
          "line": 116,
          "column": 59
        }
      },
      "63": {
        "start": {
          "line": 118,
          "column": 28
        },
        "end": {
          "line": 120,
          "column": 29
        }
      },
      "64": {
        "start": {
          "line": 119,
          "column": 32
        },
        "end": {
          "line": 119,
          "column": 65
        }
      },
      "65": {
        "start": {
          "line": 121,
          "column": 28
        },
        "end": {
          "line": 123,
          "column": 29
        }
      },
      "66": {
        "start": {
          "line": 122,
          "column": 32
        },
        "end": {
          "line": 122,
          "column": 64
        }
      },
      "67": {
        "start": {
          "line": 124,
          "column": 28
        },
        "end": {
          "line": 126,
          "column": 29
        }
      },
      "68": {
        "start": {
          "line": 125,
          "column": 32
        },
        "end": {
          "line": 125,
          "column": 63
        }
      },
      "69": {
        "start": {
          "line": 127,
          "column": 28
        },
        "end": {
          "line": 129,
          "column": 29
        }
      },
      "70": {
        "start": {
          "line": 128,
          "column": 32
        },
        "end": {
          "line": 128,
          "column": 65
        }
      },
      "71": {
        "start": {
          "line": 130,
          "column": 28
        },
        "end": {
          "line": 132,
          "column": 29
        }
      },
      "72": {
        "start": {
          "line": 131,
          "column": 32
        },
        "end": {
          "line": 131,
          "column": 67
        }
      },
      "73": {
        "start": {
          "line": 136,
          "column": 16
        },
        "end": {
          "line": 136,
          "column": 55
        }
      },
      "74": {
        "start": {
          "line": 138,
          "column": 12
        },
        "end": {
          "line": 138,
          "column": 87
        }
      },
      "75": {
        "start": {
          "line": 139,
          "column": 12
        },
        "end": {
          "line": 139,
          "column": 63
        }
      },
      "76": {
        "start": {
          "line": 145,
          "column": 8
        },
        "end": {
          "line": 157,
          "column": 9
        }
      },
      "77": {
        "start": {
          "line": 146,
          "column": 27
        },
        "end": {
          "line": 146,
          "column": 93
        }
      },
      "78": {
        "start": {
          "line": 147,
          "column": 16
        },
        "end": {
          "line": 149,
          "column": 17
        }
      },
      "79": {
        "start": {
          "line": 148,
          "column": 20
        },
        "end": {
          "line": 148,
          "column": 42
        }
      },
      "80": {
        "start": {
          "line": 150,
          "column": 16
        },
        "end": {
          "line": 153,
          "column": 17
        }
      },
      "81": {
        "start": {
          "line": 151,
          "column": 20
        },
        "end": {
          "line": 151,
          "column": 109
        }
      },
      "82": {
        "start": {
          "line": 152,
          "column": 20
        },
        "end": {
          "line": 152,
          "column": 73
        }
      },
      "83": {
        "start": {
          "line": 156,
          "column": 12
        },
        "end": {
          "line": 156,
          "column": 68
        }
      },
      "84": {
        "start": {
          "line": 160,
          "column": 36
        },
        "end": {
          "line": 189,
          "column": 5
        }
      },
      "85": {
        "start": {
          "line": 161,
          "column": 8
        },
        "end": {
          "line": 188,
          "column": 9
        }
      },
      "86": {
        "start": {
          "line": 162,
          "column": 12
        },
        "end": {
          "line": 186,
          "column": 13
        }
      },
      "87": {
        "start": {
          "line": 163,
          "column": 31
        },
        "end": {
          "line": 163,
          "column": 46
        }
      },
      "88": {
        "start": {
          "line": 164,
          "column": 31
        },
        "end": {
          "line": 164,
          "column": 75
        }
      },
      "89": {
        "start": {
          "line": 165,
          "column": 40
        },
        "end": {
          "line": 165,
          "column": 78
        }
      },
      "90": {
        "start": {
          "line": 166,
          "column": 16
        },
        "end": {
          "line": 166,
          "column": 63
        }
      },
      "91": {
        "start": {
          "line": 168,
          "column": 31
        },
        "end": {
          "line": 182,
          "column": 17
        }
      },
      "92": {
        "start": {
          "line": 183,
          "column": 16
        },
        "end": {
          "line": 183,
          "column": 72
        }
      },
      "93": {
        "start": {
          "line": 185,
          "column": 16
        },
        "end": {
          "line": 185,
          "column": 34
        }
      },
      "94": {
        "start": {
          "line": 191,
          "column": 4
        },
        "end": {
          "line": 198,
          "column": 5
        }
      }
    },
    "fnMap": {
      "0": {
        "name": "(anonymous_0)",
        "decl": {
          "start": {
            "line": 7,
            "column": 24
          },
          "end": {
            "line": 7,
            "column": 25
          }
        },
        "loc": {
          "start": {
            "line": 7,
            "column": 30
          },
          "end": {
            "line": 199,
            "column": 1
          }
        },
        "line": 7
      },
      "1": {
        "name": "(anonymous_1)",
        "decl": {
          "start": {
            "line": 15,
            "column": 23
          },
          "end": {
            "line": 15,
            "column": 24
          }
        },
        "loc": {
          "start": {
            "line": 15,
            "column": 29
          },
          "end": {
            "line": 25,
            "column": 5
          }
        },
        "line": 15
      },
      "2": {
        "name": "(anonymous_2)",
        "decl": {
          "start": {
            "line": 18,
            "column": 23
          },
          "end": {
            "line": 18,
            "column": 24
          }
        },
        "loc": {
          "start": {
            "line": 18,
            "column": 29
          },
          "end": {
            "line": 20,
            "column": 13
          }
        },
        "line": 18
      },
      "3": {
        "name": "(anonymous_3)",
        "decl": {
          "start": {
            "line": 26,
            "column": 14
          },
          "end": {
            "line": 26,
            "column": 15
          }
        },
        "loc": {
          "start": {
            "line": 26,
            "column": 20
          },
          "end": {
            "line": 28,
            "column": 5
          }
        },
        "line": 26
      },
      "4": {
        "name": "fetchGameCollection",
        "decl": {
          "start": {
            "line": 30,
            "column": 19
          },
          "end": {
            "line": 30,
            "column": 38
          }
        },
        "loc": {
          "start": {
            "line": 30,
            "column": 41
          },
          "end": {
            "line": 54,
            "column": 5
          }
        },
        "line": 30
      },
      "5": {
        "name": "(anonymous_5)",
        "decl": {
          "start": {
            "line": 57,
            "column": 36
          },
          "end": {
            "line": 57,
            "column": 37
          }
        },
        "loc": {
          "start": {
            "line": 57,
            "column": 50
          },
          "end": {
            "line": 141,
            "column": 5
          }
        },
        "line": 57
      },
      "6": {
        "name": "fetchIndividualGameData",
        "decl": {
          "start": {
            "line": 144,
            "column": 19
          },
          "end": {
            "line": 144,
            "column": 42
          }
        },
        "loc": {
          "start": {
            "line": 144,
            "column": 53
          },
          "end": {
            "line": 158,
            "column": 5
          }
        },
        "line": 144
      },
      "7": {
        "name": "(anonymous_7)",
        "decl": {
          "start": {
            "line": 160,
            "column": 36
          },
          "end": {
            "line": 160,
            "column": 37
          }
        },
        "loc": {
          "start": {
            "line": 160,
            "column": 50
          },
          "end": {
            "line": 189,
            "column": 5
          }
        },
        "line": 160
      }
    },
    "branchMap": {
      "0": {
        "loc": {
          "start": {
            "line": 16,
            "column": 8
          },
          "end": {
            "line": 21,
            "column": 9
          }
        },
        "type": "if",
        "locations": [
          {
            "start": {
              "line": 16,
              "column": 8
            },
            "end": {
              "line": 21,
              "column": 9
            }
          },
          {
            "start": {},
            "end": {}
          }
        ],
        "line": 16
      },
      "1": {
        "loc": {
          "start": {
            "line": 16,
            "column": 12
          },
          "end": {
            "line": 16,
            "column": 53
          }
        },
        "type": "binary-expr",
        "locations": [
          {
            "start": {
              "line": 16,
              "column": 12
            },
            "end": {
              "line": 16,
              "column": 30
            }
          },
          {
            "start": {
              "line": 16,
              "column": 34
            },
            "end": {
              "line": 16,
              "column": 53
            }
          }
        ],
        "line": 16
      },
      "2": {
        "loc": {
          "start": {
            "line": 22,
            "column": 8
          },
          "end": {
            "line": 24,
            "column": 9
          }
        },
        "type": "if",
        "locations": [
          {
            "start": {
              "line": 22,
              "column": 8
            },
            "end": {
              "line": 24,
              "column": 9
            }
          },
          {
            "start": {},
            "end": {}
          }
        ],
        "line": 22
      },
      "3": {
        "loc": {
          "start": {
            "line": 35,
            "column": 16
          },
          "end": {
            "line": 37,
            "column": 17
          }
        },
        "type": "if",
        "locations": [
          {
            "start": {
              "line": 35,
              "column": 16
            },
            "end": {
              "line": 37,
              "column": 17
            }
          },
          {
            "start": {},
            "end": {}
          }
        ],
        "line": 35
      },
      "4": {
        "loc": {
          "start": {
            "line": 38,
            "column": 16
          },
          "end": {
            "line": 41,
            "column": 17
          }
        },
        "type": "if",
        "locations": [
          {
            "start": {
              "line": 38,
              "column": 16
            },
            "end": {
              "line": 41,
              "column": 17
            }
          },
          {
            "start": {},
            "end": {}
          }
        ],
        "line": 38
      },
      "5": {
        "loc": {
          "start": {
            "line": 42,
            "column": 16
          },
          "end": {
            "line": 45,
            "column": 17
          }
        },
        "type": "if",
        "locations": [
          {
            "start": {
              "line": 42,
              "column": 16
            },
            "end": {
              "line": 45,
              "column": 17
            }
          },
          {
            "start": {},
            "end": {}
          }
        ],
        "line": 42
      },
      "6": {
        "loc": {
          "start": {
            "line": 58,
            "column": 8
          },
          "end": {
            "line": 140,
            "column": 9
          }
        },
        "type": "if",
        "locations": [
          {
            "start": {
              "line": 58,
              "column": 8
            },
            "end": {
              "line": 140,
              "column": 9
            }
          },
          {
            "start": {},
            "end": {}
          }
        ],
        "line": 58
      },
      "7": {
        "loc": {
          "start": {
            "line": 86,
            "column": 20
          },
          "end": {
            "line": 88,
            "column": 21
          }
        },
        "type": "if",
        "locations": [
          {
            "start": {
              "line": 86,
              "column": 20
            },
            "end": {
              "line": 88,
              "column": 21
            }
          },
          {
            "start": {},
            "end": {}
          }
        ],
        "line": 86
      },
      "8": {
        "loc": {
          "start": {
            "line": 89,
            "column": 20
          },
          "end": {
            "line": 91,
            "column": 21
          }
        },
        "type": "if",
        "locations": [
          {
            "start": {
              "line": 89,
              "column": 20
            },
            "end": {
              "line": 91,
              "column": 21
            }
          },
          {
            "start": {},
            "end": {}
          }
        ],
        "line": 89
      },
      "9": {
        "loc": {
          "start": {
            "line": 92,
            "column": 20
          },
          "end": {
            "line": 94,
            "column": 21
          }
        },
        "type": "if",
        "locations": [
          {
            "start": {
              "line": 92,
              "column": 20
            },
            "end": {
              "line": 94,
              "column": 21
            }
          },
          {
            "start": {},
            "end": {}
          }
        ],
        "line": 92
      },
      "10": {
        "loc": {
          "start": {
            "line": 95,
            "column": 20
          },
          "end": {
            "line": 97,
            "column": 21
          }
        },
        "type": "if",
        "locations": [
          {
            "start": {
              "line": 95,
              "column": 20
            },
            "end": {
              "line": 97,
              "column": 21
            }
          },
          {
            "start": {},
            "end": {}
          }
        ],
        "line": 95
      },
      "11": {
        "loc": {
          "start": {
            "line": 98,
            "column": 20
          },
          "end": {
            "line": 100,
            "column": 21
          }
        },
        "type": "if",
        "locations": [
          {
            "start": {
              "line": 98,
              "column": 20
            },
            "end": {
              "line": 100,
              "column": 21
            }
          },
          {
            "start": {},
            "end": {}
          }
        ],
        "line": 98
      },
      "12": {
        "loc": {
          "start": {
            "line": 101,
            "column": 20
          },
          "end": {
            "line": 134,
            "column": 21
          }
        },
        "type": "if",
        "locations": [
          {
            "start": {
              "line": 101,
              "column": 20
            },
            "end": {
              "line": 134,
              "column": 21
            }
          },
          {
            "start": {},
            "end": {}
          }
        ],
        "line": 101
      },
      "13": {
        "loc": {
          "start": {
            "line": 106,
            "column": 28
          },
          "end": {
            "line": 108,
            "column": 29
          }
        },
        "type": "if",
        "locations": [
          {
            "start": {
              "line": 106,
              "column": 28
            },
            "end": {
              "line": 108,
              "column": 29
            }
          },
          {
            "start": {},
            "end": {}
          }
        ],
        "line": 106
      },
      "14": {
        "loc": {
          "start": {
            "line": 109,
            "column": 28
          },
          "end": {
            "line": 111,
            "column": 29
          }
        },
        "type": "if",
        "locations": [
          {
            "start": {
              "line": 109,
              "column": 28
            },
            "end": {
              "line": 111,
              "column": 29
            }
          },
          {
            "start": {},
            "end": {}
          }
        ],
        "line": 109
      },
      "15": {
        "loc": {
          "start": {
            "line": 112,
            "column": 28
          },
          "end": {
            "line": 114,
            "column": 29
          }
        },
        "type": "if",
        "locations": [
          {
            "start": {
              "line": 112,
              "column": 28
            },
            "end": {
              "line": 114,
              "column": 29
            }
          },
          {
            "start": {},
            "end": {}
          }
        ],
        "line": 112
      },
      "16": {
        "loc": {
          "start": {
            "line": 115,
            "column": 28
          },
          "end": {
            "line": 117,
            "column": 29
          }
        },
        "type": "if",
        "locations": [
          {
            "start": {
              "line": 115,
              "column": 28
            },
            "end": {
              "line": 117,
              "column": 29
            }
          },
          {
            "start": {},
            "end": {}
          }
        ],
        "line": 115
      },
      "17": {
        "loc": {
          "start": {
            "line": 118,
            "column": 28
          },
          "end": {
            "line": 120,
            "column": 29
          }
        },
        "type": "if",
        "locations": [
          {
            "start": {
              "line": 118,
              "column": 28
            },
            "end": {
              "line": 120,
              "column": 29
            }
          },
          {
            "start": {},
            "end": {}
          }
        ],
        "line": 118
      },
      "18": {
        "loc": {
          "start": {
            "line": 121,
            "column": 28
          },
          "end": {
            "line": 123,
            "column": 29
          }
        },
        "type": "if",
        "locations": [
          {
            "start": {
              "line": 121,
              "column": 28
            },
            "end": {
              "line": 123,
              "column": 29
            }
          },
          {
            "start": {},
            "end": {}
          }
        ],
        "line": 121
      },
      "19": {
        "loc": {
          "start": {
            "line": 124,
            "column": 28
          },
          "end": {
            "line": 126,
            "column": 29
          }
        },
        "type": "if",
        "locations": [
          {
            "start": {
              "line": 124,
              "column": 28
            },
            "end": {
              "line": 126,
              "column": 29
            }
          },
          {
            "start": {},
            "end": {}
          }
        ],
        "line": 124
      },
      "20": {
        "loc": {
          "start": {
            "line": 127,
            "column": 28
          },
          "end": {
            "line": 129,
            "column": 29
          }
        },
        "type": "if",
        "locations": [
          {
            "start": {
              "line": 127,
              "column": 28
            },
            "end": {
              "line": 129,
              "column": 29
            }
          },
          {
            "start": {},
            "end": {}
          }
        ],
        "line": 127
      },
      "21": {
        "loc": {
          "start": {
            "line": 130,
            "column": 28
          },
          "end": {
            "line": 132,
            "column": 29
          }
        },
        "type": "if",
        "locations": [
          {
            "start": {
              "line": 130,
              "column": 28
            },
            "end": {
              "line": 132,
              "column": 29
            }
          },
          {
            "start": {},
            "end": {}
          }
        ],
        "line": 130
      },
      "22": {
        "loc": {
          "start": {
            "line": 147,
            "column": 16
          },
          "end": {
            "line": 149,
            "column": 17
          }
        },
        "type": "if",
        "locations": [
          {
            "start": {
              "line": 147,
              "column": 16
            },
            "end": {
              "line": 149,
              "column": 17
            }
          },
          {
            "start": {},
            "end": {}
          }
        ],
        "line": 147
      },
      "23": {
        "loc": {
          "start": {
            "line": 150,
            "column": 16
          },
          "end": {
            "line": 153,
            "column": 17
          }
        },
        "type": "if",
        "locations": [
          {
            "start": {
              "line": 150,
              "column": 16
            },
            "end": {
              "line": 153,
              "column": 17
            }
          },
          {
            "start": {},
            "end": {}
          }
        ],
        "line": 150
      },
      "24": {
        "loc": {
          "start": {
            "line": 161,
            "column": 8
          },
          "end": {
            "line": 188,
            "column": 9
          }
        },
        "type": "if",
        "locations": [
          {
            "start": {
              "line": 161,
              "column": 8
            },
            "end": {
              "line": 188,
              "column": 9
            }
          },
          {
            "start": {},
            "end": {}
          }
        ],
        "line": 161
      }
    },
    "s": {
      "0": 17,
      "1": 792,
      "2": 792,
      "3": 792,
      "4": 792,
      "5": 29,
      "6": 4,
      "7": 4,
      "8": 3,
      "9": 29,
      "10": 1,
      "11": 792,
      "12": 29,
      "13": 15,
      "14": 15,
      "15": 15,
      "16": 15,
      "17": 15,
      "18": 9,
      "19": 6,
      "20": 4,
      "21": 4,
      "22": 6,
      "23": 2,
      "24": 2,
      "25": 0,
      "26": 0,
      "27": 792,
      "28": 15,
      "29": 9,
      "30": 9,
      "31": 9,
      "32": 9,
      "33": 9,
      "34": 9,
      "35": 9,
      "36": 144,
      "37": 144,
      "38": 144,
      "39": 144,
      "40": 144,
      "41": 864,
      "42": 144,
      "43": 864,
      "44": 144,
      "45": 864,
      "46": 144,
      "47": 864,
      "48": 144,
      "49": 864,
      "50": 144,
      "51": 864,
      "52": 144,
      "53": 144,
      "54": 144,
      "55": 1296,
      "56": 162,
      "57": 1296,
      "58": 162,
      "59": 1296,
      "60": 162,
      "61": 1296,
      "62": 162,
      "63": 1296,
      "64": 162,
      "65": 1296,
      "66": 162,
      "67": 1296,
      "68": 162,
      "69": 1296,
      "70": 162,
      "71": 1296,
      "72": 0,
      "73": 144,
      "74": 9,
      "75": 9,
      "76": 2,
      "77": 2,
      "78": 2,
      "79": 2,
      "80": 0,
      "81": 0,
      "82": 0,
      "83": 0,
      "84": 792,
      "85": 2,
      "86": 2,
      "87": 2,
      "88": 2,
      "89": 2,
      "90": 2,
      "91": 2,
      "92": 2,
      "93": 0,
      "94": 792
    },
    "f": {
      "0": 792,
      "1": 29,
      "2": 3,
      "3": 29,
      "4": 15,
      "5": 15,
      "6": 2,
      "7": 2
    },
    "b": {
      "0": [
        4,
        25
      ],
      "1": [
        29,
        29
      ],
      "2": [
        1,
        28
      ],
      "3": [
        9,
        6
      ],
      "4": [
        4,
        2
      ],
      "5": [
        2,
        4
      ],
      "6": [
        9,
        6
      ],
      "7": [
        144,
        720
      ],
      "8": [
        144,
        720
      ],
      "9": [
        144,
        720
      ],
      "10": [
        144,
        720
      ],
      "11": [
        144,
        720
      ],
      "12": [
        144,
        720
      ],
      "13": [
        162,
        1134
      ],
      "14": [
        162,
        1134
      ],
      "15": [
        162,
        1134
      ],
      "16": [
        162,
        1134
      ],
      "17": [
        162,
        1134
      ],
      "18": [
        162,
        1134
      ],
      "19": [
        162,
        1134
      ],
      "20": [
        162,
        1134
      ],
      "21": [
        0,
        1296
      ],
      "22": [
        2,
        0
      ],
      "23": [
        0,
        0
      ],
      "24": [
        2,
        0
      ]
    },
    "_coverageSchema": "1a1c01bbd47fc00a2c39e90264f33305004495a9",
    "hash": "4bbded35e94f41e91982e74cfeec6d3be54ee282"
  },
  "C:\\Users\\David\\Desktop\\Dev Projects\\_PERSONAL PROJECTS\\bgg-library\\Components\\LoadingSpinner.js": {
    "path": "C:\\Users\\David\\Desktop\\Dev Projects\\_PERSONAL PROJECTS\\bgg-library\\Components\\LoadingSpinner.js",
    "statementMap": {
      "0": {
        "start": {
          "line": 4,
          "column": 23
        },
        "end": {
          "line": 6,
          "column": 1
        }
      },
      "1": {
        "start": {
          "line": 5,
          "column": 4
        },
        "end": {
          "line": 5,
          "column": 52
        }
      }
    },
    "fnMap": {
      "0": {
        "name": "(anonymous_0)",
        "decl": {
          "start": {
            "line": 4,
            "column": 23
          },
          "end": {
            "line": 4,
            "column": 24
          }
        },
        "loc": {
          "start": {
            "line": 4,
            "column": 29
          },
          "end": {
            "line": 6,
            "column": 1
          }
        },
        "line": 4
      }
    },
    "branchMap": {},
    "s": {
      "0": 17,
      "1": 26
    },
    "f": {
      "0": 26
    },
    "b": {},
    "_coverageSchema": "1a1c01bbd47fc00a2c39e90264f33305004495a9",
    "hash": "281f6a763fc11860879aaa242514fac3d789d9a5"
  },
  "C:\\Users\\David\\Desktop\\Dev Projects\\_PERSONAL PROJECTS\\bgg-library\\Components\\ButtonSmall.js": {
    "path": "C:\\Users\\David\\Desktop\\Dev Projects\\_PERSONAL PROJECTS\\bgg-library\\Components\\ButtonSmall.js",
    "statementMap": {
      "0": {
        "start": {
          "line": 5,
          "column": 20
        },
        "end": {
          "line": 31,
          "column": 1
        }
      },
      "1": {
        "start": {
          "line": 6,
          "column": 42
        },
        "end": {
          "line": 6,
          "column": 76
        }
      },
      "2": {
        "start": {
          "line": 7,
          "column": 30
        },
        "end": {
          "line": 7,
          "column": 51
        }
      },
      "3": {
        "start": {
          "line": 9,
          "column": 32
        },
        "end": {
          "line": 11,
          "column": 5
        }
      },
      "4": {
        "start": {
          "line": 10,
          "column": 8
        },
        "end": {
          "line": 10,
          "column": 53
        }
      },
      "5": {
        "start": {
          "line": 12,
          "column": 32
        },
        "end": {
          "line": 14,
          "column": 5
        }
      },
      "6": {
        "start": {
          "line": 13,
          "column": 8
        },
        "end": {
          "line": 13,
          "column": 48
        }
      },
      "7": {
        "start": {
          "line": 15,
          "column": 4
        },
        "end": {
          "line": 30,
          "column": 5
        }
      }
    },
    "fnMap": {
      "0": {
        "name": "(anonymous_0)",
        "decl": {
          "start": {
            "line": 5,
            "column": 20
          },
          "end": {
            "line": 5,
            "column": 21
          }
        },
        "loc": {
          "start": {
            "line": 5,
            "column": 31
          },
          "end": {
            "line": 31,
            "column": 1
          }
        },
        "line": 5
      },
      "1": {
        "name": "(anonymous_1)",
        "decl": {
          "start": {
            "line": 9,
            "column": 32
          },
          "end": {
            "line": 9,
            "column": 33
          }
        },
        "loc": {
          "start": {
            "line": 9,
            "column": 38
          },
          "end": {
            "line": 11,
            "column": 5
          }
        },
        "line": 9
      },
      "2": {
        "name": "(anonymous_2)",
        "decl": {
          "start": {
            "line": 12,
            "column": 32
          },
          "end": {
            "line": 12,
            "column": 33
          }
        },
        "loc": {
          "start": {
            "line": 12,
            "column": 38
          },
          "end": {
            "line": 14,
            "column": 5
          }
        },
        "line": 12
      }
    },
    "branchMap": {},
    "s": {
      "0": 17,
      "1": 264,
      "2": 264,
      "3": 264,
      "4": 11,
      "5": 264,
      "6": 0,
      "7": 264
    },
    "f": {
      "0": 264,
      "1": 11,
      "2": 0
    },
    "b": {},
    "_coverageSchema": "1a1c01bbd47fc00a2c39e90264f33305004495a9",
    "hash": "9bc1180f43aa0cc100d0b684f1d746c1b9994c42"
  },
  "C:\\Users\\David\\Desktop\\Dev Projects\\_PERSONAL PROJECTS\\bgg-library\\Components\\Card.js": {
    "path": "C:\\Users\\David\\Desktop\\Dev Projects\\_PERSONAL PROJECTS\\bgg-library\\Components\\Card.js",
    "statementMap": {
      "0": {
        "start": {
          "line": 4,
          "column": 13
        },
        "end": {
          "line": 10,
          "column": 1
        }
      },
      "1": {
        "start": {
          "line": 5,
          "column": 4
        },
        "end": {
          "line": 9,
          "column": 5
        }
      }
    },
    "fnMap": {
      "0": {
        "name": "(anonymous_0)",
        "decl": {
          "start": {
            "line": 4,
            "column": 13
          },
          "end": {
            "line": 4,
            "column": 14
          }
        },
        "loc": {
          "start": {
            "line": 4,
            "column": 24
          },
          "end": {
            "line": 10,
            "column": 1
          }
        },
        "line": 4
      }
    },
    "branchMap": {},
    "s": {
      "0": 17,
      "1": 46
    },
    "f": {
      "0": 46
    },
    "b": {},
    "_coverageSchema": "1a1c01bbd47fc00a2c39e90264f33305004495a9",
    "hash": "015975acee95ba2895c4c77165e8a37ae481a4ee"
  },
  "C:\\Users\\David\\Desktop\\Dev Projects\\_PERSONAL PROJECTS\\bgg-library\\Components\\UserSearchForm.js": {
    "path": "C:\\Users\\David\\Desktop\\Dev Projects\\_PERSONAL PROJECTS\\bgg-library\\Components\\UserSearchForm.js",
    "statementMap": {
      "0": {
        "start": {
          "line": 14,
          "column": 23
        },
        "end": {
          "line": 100,
          "column": 1
        }
      },
      "1": {
        "start": {
          "line": 15,
          "column": 19
        },
        "end": {
          "line": 15,
          "column": 30
        }
      },
      "2": {
        "start": {
          "line": 16,
          "column": 21
        },
        "end": {
          "line": 16,
          "column": 34
        }
      },
      "3": {
        "start": {
          "line": 17,
          "column": 22
        },
        "end": {
          "line": 17,
          "column": 62
        }
      },
      "4": {
        "start": {
          "line": 17,
          "column": 45
        },
        "end": {
          "line": 17,
          "column": 61
        }
      },
      "5": {
        "start": {
          "line": 18,
          "column": 21
        },
        "end": {
          "line": 18,
          "column": 59
        }
      },
      "6": {
        "start": {
          "line": 18,
          "column": 44
        },
        "end": {
          "line": 18,
          "column": 58
        }
      },
      "7": {
        "start": {
          "line": 19,
          "column": 88
        },
        "end": {
          "line": 19,
          "column": 105
        }
      },
      "8": {
        "start": {
          "line": 20,
          "column": 38
        },
        "end": {
          "line": 20,
          "column": 53
        }
      },
      "9": {
        "start": {
          "line": 22,
          "column": 28
        },
        "end": {
          "line": 24,
          "column": 5
        }
      },
      "10": {
        "start": {
          "line": 23,
          "column": 8
        },
        "end": {
          "line": 23,
          "column": 42
        }
      },
      "11": {
        "start": {
          "line": 25,
          "column": 25
        },
        "end": {
          "line": 32,
          "column": 5
        }
      },
      "12": {
        "start": {
          "line": 26,
          "column": 8
        },
        "end": {
          "line": 28,
          "column": 9
        }
      },
      "13": {
        "start": {
          "line": 27,
          "column": 12
        },
        "end": {
          "line": 27,
          "column": 30
        }
      },
      "14": {
        "start": {
          "line": 29,
          "column": 8
        },
        "end": {
          "line": 31,
          "column": 9
        }
      },
      "15": {
        "start": {
          "line": 30,
          "column": 12
        },
        "end": {
          "line": 30,
          "column": 31
        }
      },
      "16": {
        "start": {
          "line": 34,
          "column": 4
        },
        "end": {
          "line": 42,
          "column": 50
        }
      },
      "17": {
        "start": {
          "line": 35,
          "column": 8
        },
        "end": {
          "line": 40,
          "column": 9
        }
      },
      "18": {
        "start": {
          "line": 36,
          "column": 12
        },
        "end": {
          "line": 36,
          "column": 52
        }
      },
      "19": {
        "start": {
          "line": 37,
          "column": 12
        },
        "end": {
          "line": 37,
          "column": 39
        }
      },
      "20": {
        "start": {
          "line": 38,
          "column": 12
        },
        "end": {
          "line": 38,
          "column": 52
        }
      },
      "21": {
        "start": {
          "line": 39,
          "column": 12
        },
        "end": {
          "line": 39,
          "column": 57
        }
      },
      "22": {
        "start": {
          "line": 41,
          "column": 8
        },
        "end": {
          "line": 41,
          "column": 33
        }
      },
      "23": {
        "start": {
          "line": 44,
          "column": 28
        },
        "end": {
          "line": 47,
          "column": 5
        }
      },
      "24": {
        "start": {
          "line": 45,
          "column": 8
        },
        "end": {
          "line": 45,
          "column": 30
        }
      },
      "25": {
        "start": {
          "line": 46,
          "column": 8
        },
        "end": {
          "line": 46,
          "column": 59
        }
      },
      "26": {
        "start": {
          "line": 48,
          "column": 27
        },
        "end": {
          "line": 50,
          "column": 5
        }
      },
      "27": {
        "start": {
          "line": 49,
          "column": 8
        },
        "end": {
          "line": 49,
          "column": 24
        }
      },
      "28": {
        "start": {
          "line": 51,
          "column": 4
        },
        "end": {
          "line": 99,
          "column": 5
        }
      }
    },
    "fnMap": {
      "0": {
        "name": "(anonymous_0)",
        "decl": {
          "start": {
            "line": 14,
            "column": 23
          },
          "end": {
            "line": 14,
            "column": 24
          }
        },
        "loc": {
          "start": {
            "line": 14,
            "column": 29
          },
          "end": {
            "line": 100,
            "column": 1
          }
        },
        "line": 14
      },
      "1": {
        "name": "(anonymous_1)",
        "decl": {
          "start": {
            "line": 17,
            "column": 34
          },
          "end": {
            "line": 17,
            "column": 35
          }
        },
        "loc": {
          "start": {
            "line": 17,
            "column": 45
          },
          "end": {
            "line": 17,
            "column": 61
          }
        },
        "line": 17
      },
      "2": {
        "name": "(anonymous_2)",
        "decl": {
          "start": {
            "line": 18,
            "column": 33
          },
          "end": {
            "line": 18,
            "column": 34
          }
        },
        "loc": {
          "start": {
            "line": 18,
            "column": 44
          },
          "end": {
            "line": 18,
            "column": 58
          }
        },
        "line": 18
      },
      "3": {
        "name": "(anonymous_3)",
        "decl": {
          "start": {
            "line": 22,
            "column": 28
          },
          "end": {
            "line": 22,
            "column": 29
          }
        },
        "loc": {
          "start": {
            "line": 22,
            "column": 39
          },
          "end": {
            "line": 24,
            "column": 5
          }
        },
        "line": 22
      },
      "4": {
        "name": "(anonymous_4)",
        "decl": {
          "start": {
            "line": 25,
            "column": 25
          },
          "end": {
            "line": 25,
            "column": 26
          }
        },
        "loc": {
          "start": {
            "line": 25,
            "column": 46
          },
          "end": {
            "line": 32,
            "column": 5
          }
        },
        "line": 25
      },
      "5": {
        "name": "(anonymous_5)",
        "decl": {
          "start": {
            "line": 34,
            "column": 14
          },
          "end": {
            "line": 34,
            "column": 15
          }
        },
        "loc": {
          "start": {
            "line": 34,
            "column": 20
          },
          "end": {
            "line": 42,
            "column": 5
          }
        },
        "line": 34
      },
      "6": {
        "name": "(anonymous_6)",
        "decl": {
          "start": {
            "line": 44,
            "column": 28
          },
          "end": {
            "line": 44,
            "column": 29
          }
        },
        "loc": {
          "start": {
            "line": 44,
            "column": 39
          },
          "end": {
            "line": 47,
            "column": 5
          }
        },
        "line": 44
      },
      "7": {
        "name": "(anonymous_7)",
        "decl": {
          "start": {
            "line": 48,
            "column": 27
          },
          "end": {
            "line": 48,
            "column": 28
          }
        },
        "loc": {
          "start": {
            "line": 48,
            "column": 38
          },
          "end": {
            "line": 50,
            "column": 5
          }
        },
        "line": 48
      }
    },
    "branchMap": {
      "0": {
        "loc": {
          "start": {
            "line": 26,
            "column": 8
          },
          "end": {
            "line": 28,
            "column": 9
          }
        },
        "type": "if",
        "locations": [
          {
            "start": {
              "line": 26,
              "column": 8
            },
            "end": {
              "line": 28,
              "column": 9
            }
          },
          {
            "start": {},
            "end": {}
          }
        ],
        "line": 26
      },
      "1": {
        "loc": {
          "start": {
            "line": 26,
            "column": 12
          },
          "end": {
            "line": 26,
            "column": 68
          }
        },
        "type": "binary-expr",
        "locations": [
          {
            "start": {
              "line": 26,
              "column": 13
            },
            "end": {
              "line": 26,
              "column": 39
            }
          },
          {
            "start": {
              "line": 26,
              "column": 45
            },
            "end": {
              "line": 26,
              "column": 67
            }
          }
        ],
        "line": 26
      },
      "2": {
        "loc": {
          "start": {
            "line": 29,
            "column": 8
          },
          "end": {
            "line": 31,
            "column": 9
          }
        },
        "type": "if",
        "locations": [
          {
            "start": {
              "line": 29,
              "column": 8
            },
            "end": {
              "line": 31,
              "column": 9
            }
          },
          {
            "start": {},
            "end": {}
          }
        ],
        "line": 29
      },
      "3": {
        "loc": {
          "start": {
            "line": 29,
            "column": 12
          },
          "end": {
            "line": 29,
            "column": 70
          }
        },
        "type": "binary-expr",
        "locations": [
          {
            "start": {
              "line": 29,
              "column": 13
            },
            "end": {
              "line": 29,
              "column": 41
            }
          },
          {
            "start": {
              "line": 29,
              "column": 47
            },
            "end": {
              "line": 29,
              "column": 69
            }
          }
        ],
        "line": 29
      },
      "4": {
        "loc": {
          "start": {
            "line": 35,
            "column": 8
          },
          "end": {
            "line": 40,
            "column": 9
          }
        },
        "type": "if",
        "locations": [
          {
            "start": {
              "line": 35,
              "column": 8
            },
            "end": {
              "line": 40,
              "column": 9
            }
          },
          {
            "start": {},
            "end": {}
          }
        ],
        "line": 35
      },
      "5": {
        "loc": {
          "start": {
            "line": 53,
            "column": 13
          },
          "end": {
            "line": 61,
            "column": 18
          }
        },
        "type": "binary-expr",
        "locations": [
          {
            "start": {
              "line": 53,
              "column": 14
            },
            "end": {
              "line": 53,
              "column": 32
            }
          },
          {
            "start": {
              "line": 53,
              "column": 36
            },
            "end": {
              "line": 53,
              "column": 57
            }
          },
          {
            "start": {
              "line": 54,
              "column": 16
            },
            "end": {
              "line": 61,
              "column": 18
            }
          }
        ],
        "line": 53
      },
      "6": {
        "loc": {
          "start": {
            "line": 63,
            "column": 13
          },
          "end": {
            "line": 63,
            "column": 123
          }
        },
        "type": "binary-expr",
        "locations": [
          {
            "start": {
              "line": 63,
              "column": 14
            },
            "end": {
              "line": 63,
              "column": 31
            }
          },
          {
            "start": {
              "line": 63,
              "column": 35
            },
            "end": {
              "line": 63,
              "column": 55
            }
          },
          {
            "start": {
              "line": 63,
              "column": 60
            },
            "end": {
              "line": 63,
              "column": 123
            }
          }
        ],
        "line": 63
      },
      "7": {
        "loc": {
          "start": {
            "line": 64,
            "column": 13
          },
          "end": {
            "line": 67,
            "column": 90
          }
        },
        "type": "binary-expr",
        "locations": [
          {
            "start": {
              "line": 64,
              "column": 14
            },
            "end": {
              "line": 64,
              "column": 32
            }
          },
          {
            "start": {
              "line": 64,
              "column": 36
            },
            "end": {
              "line": 64,
              "column": 57
            }
          },
          {
            "start": {
              "line": 64,
              "column": 61
            },
            "end": {
              "line": 64,
              "column": 70
            }
          },
          {
            "start": {
              "line": 65,
              "column": 16
            },
            "end": {
              "line": 67,
              "column": 90
            }
          }
        ],
        "line": 64
      },
      "8": {
        "loc": {
          "start": {
            "line": 69,
            "column": 13
          },
          "end": {
            "line": 73,
            "column": 92
          }
        },
        "type": "binary-expr",
        "locations": [
          {
            "start": {
              "line": 69,
              "column": 13
            },
            "end": {
              "line": 69,
              "column": 23
            }
          },
          {
            "start": {
              "line": 70,
              "column": 16
            },
            "end": {
              "line": 73,
              "column": 92
            }
          }
        ],
        "line": 69
      },
      "9": {
        "loc": {
          "start": {
            "line": 76,
            "column": 13
          },
          "end": {
            "line": 94,
            "column": 23
          }
        },
        "type": "binary-expr",
        "locations": [
          {
            "start": {
              "line": 76,
              "column": 13
            },
            "end": {
              "line": 76,
              "column": 33
            }
          },
          {
            "start": {
              "line": 77,
              "column": 16
            },
            "end": {
              "line": 94,
              "column": 23
            }
          }
        ],
        "line": 76
      },
      "10": {
        "loc": {
          "start": {
            "line": 96,
            "column": 13
          },
          "end": {
            "line": 96,
            "column": 103
          }
        },
        "type": "binary-expr",
        "locations": [
          {
            "start": {
              "line": 96,
              "column": 14
            },
            "end": {
              "line": 96,
              "column": 58
            }
          },
          {
            "start": {
              "line": 96,
              "column": 63
            },
            "end": {
              "line": 96,
              "column": 103
            }
          }
        ],
        "line": 96
      },
      "11": {
        "loc": {
          "start": {
            "line": 97,
            "column": 13
          },
          "end": {
            "line": 97,
            "column": 52
          }
        },
        "type": "binary-expr",
        "locations": [
          {
            "start": {
              "line": 97,
              "column": 13
            },
            "end": {
              "line": 97,
              "column": 30
            }
          },
          {
            "start": {
              "line": 97,
              "column": 34
            },
            "end": {
              "line": 97,
              "column": 52
            }
          }
        ],
        "line": 97
      }
    },
    "s": {
      "0": 17,
      "1": 596,
      "2": 596,
      "3": 596,
      "4": 648,
      "5": 596,
      "6": 648,
      "7": 596,
      "8": 596,
      "9": 596,
      "10": 110,
      "11": 596,
      "12": 149,
      "13": 132,
      "14": 149,
      "15": 17,
      "16": 596,
      "17": 149,
      "18": 9,
      "19": 9,
      "20": 9,
      "21": 9,
      "22": 149,
      "23": 596,
      "24": 12,
      "25": 12,
      "26": 596,
      "27": 1,
      "28": 596
    },
    "f": {
      "0": 596,
      "1": 648,
      "2": 648,
      "3": 110,
      "4": 149,
      "5": 149,
      "6": 12,
      "7": 1
    },
    "b": {
      "0": [
        132,
        17
      ],
      "1": [
        149,
        132
      ],
      "2": [
        17,
        132
      ],
      "3": [
        149,
[...]
          "column": 8
        },
        "end": {
          "line": 83,
          "column": 39
        }
      },
      "48": {
        "start": {
          "line": 84,
          "column": 8
        },
        "end": {
          "line": 84,
          "column": 48
        }
      },
      "49": {
        "start": {
          "line": 85,
          "column": 8
        },
        "end": {
          "line": 85,
          "column": 57
        }
      },
      "50": {
        "start": {
          "line": 87,
          "column": 4
        },
        "end": {
          "line": 151,
          "column": 5
        }
      },
      "51": {
        "start": {
          "line": 135,
          "column": 28
        },
        "end": {
          "line": 142,
          "column": 30
        }
      },
      "52": {
        "start": {
          "line": 141,
          "column": 53
        },
        "end": {
          "line": 141,
          "column": 93
        }
      }
    },
    "fnMap": {
      "0": {
        "name": "(anonymous_0)",
        "decl": {
          "start": {
            "line": 15,
            "column": 24
          },
          "end": {
            "line": 15,
            "column": 25
          }
        },
        "loc": {
          "start": {
            "line": 15,
            "column": 30
          },
          "end": {
            "line": 152,
            "column": 1
          }
        },
        "line": 15
      },
      "1": {
        "name": "(anonymous_1)",
        "decl": {
          "start": {
            "line": 18,
            "column": 34
          },
          "end": {
            "line": 18,
            "column": 35
          }
        },
        "loc": {
          "start": {
            "line": 18,
            "column": 45
          },
          "end": {
            "line": 18,
            "column": 61
          }
        },
        "line": 18
      },
      "2": {
        "name": "(anonymous_2)",
        "decl": {
          "start": {
            "line": 19,
            "column": 33
          },
          "end": {
            "line": 19,
            "column": 34
          }
        },
        "loc": {
          "start": {
            "line": 19,
            "column": 44
          },
          "end": {
            "line": 19,
            "column": 58
          }
        },
        "line": 19
      },
      "3": {
        "name": "(anonymous_3)",
        "decl": {
          "start": {
            "line": 20,
            "column": 36
          },
          "end": {
            "line": 20,
            "column": 37
          }
        },
        "loc": {
          "start": {
            "line": 20,
            "column": 47
          },
          "end": {
            "line": 20,
            "column": 73
          }
        },
        "line": 20
      },
      "4": {
        "name": "(anonymous_4)",
        "decl": {
          "start": {
            "line": 21,
            "column": 36
          },
          "end": {
            "line": 21,
            "column": 37
          }
        },
        "loc": {
          "start": {
            "line": 21,
            "column": 47
          },
          "end": {
            "line": 21,
            "column": 73
          }
        },
        "line": 21
      },
      "5": {
        "name": "(anonymous_5)",
        "decl": {
          "start": {
            "line": 36,
            "column": 24
          },
          "end": {
            "line": 36,
            "column": 25
          }
        },
        "loc": {
          "start": {
            "line": 36,
            "column": 30
          },
          "end": {
            "line": 56,
            "column": 5
          }
        },
        "line": 36
      },
      "6": {
        "name": "(anonymous_6)",
        "decl": {
          "start": {
            "line": 43,
            "column": 35
          },
          "end": {
            "line": 43,
            "column": 36
          }
        },
        "loc": {
          "start": {
            "line": 43,
            "column": 63
          },
          "end": {
            "line": 52,
            "column": 13
          }
        },
        "line": 43
      },
      "7": {
        "name": "(anonymous_7)",
        "decl": {
          "start": {
            "line": 44,
            "column": 35
          },
          "end": {
            "line": 44,
            "column": 36
          }
        },
        "loc": {
          "start": {
            "line": 44,
            "column": 63
          },
          "end": {
            "line": 51,
            "column": 17
          }
        },
        "line": 44
      },
      "8": {
        "name": "(anonymous_8)",
        "decl": {
          "start": {
            "line": 58,
            "column": 14
          },
          "end": {
            "line": 58,
            "column": 15
          }
        },
        "loc": {
          "start": {
            "line": 58,
            "column": 20
          },
          "end": {
            "line": 70,
            "column": 5
          }
        },
        "line": 58
      },
      "9": {
        "name": "(anonymous_9)",
        "decl": {
          "start": {
            "line": 73,
            "column": 31
          },
          "end": {
            "line": 73,
            "column": 32
          }
        },
        "loc": {
          "start": {
            "line": 73,
            "column": 37
          },
          "end": {
            "line": 75,
            "column": 5
          }
        },
        "line": 73
      },
      "10": {
        "name": "(anonymous_10)",
        "decl": {
          "start": {
            "line": 76,
            "column": 32
          },
          "end": {
            "line": 76,
            "column": 33
          }
        },
        "loc": {
          "start": {
            "line": 76,
            "column": 38
          },
          "end": {
            "line": 78,
            "column": 5
          }
        },
        "line": 76
      },
      "11": {
        "name": "(anonymous_11)",
        "decl": {
          "start": {
            "line": 79,
            "column": 31
          },
          "end": {
            "line": 79,
            "column": 32
          }
        },
        "loc": {
          "start": {
            "line": 79,
            "column": 52
          },
          "end": {
            "line": 81,
            "column": 5
          }
        },
        "line": 79
      },
      "12": {
        "name": "(anonymous_12)",
        "decl": {
          "start": {
            "line": 82,
            "column": 32
          },
          "end": {
            "line": 82,
            "column": 33
          }
        },
        "loc": {
          "start": {
            "line": 82,
            "column": 38
          },
          "end": {
            "line": 86,
            "column": 5
          }
        },
        "line": 82
      },
      "13": {
        "name": "(anonymous_13)",
        "decl": {
          "start": {
            "line": 134,
            "column": 38
          },
          "end": {
            "line": 134,
            "column": 39
          }
        },
        "loc": {
          "start": {
            "line": 135,
            "column": 28
          },
          "end": {
            "line": 142,
            "column": 30
          }
        },
        "line": 135
      },
      "14": {
        "name": "(anonymous_14)",
        "decl": {
          "start": {
            "line": 141,
            "column": 41
          },
          "end": {
            "line": 141,
            "column": 42
          }
        },
        "loc": {
          "start": {
            "line": 141,
            "column": 52
          },
          "end": {
            "line": 141,
            "column": 94
          }
        },
        "line": 141
      }
    },
    "branchMap": {
      "0": {
        "loc": {
          "start": {
            "line": 45,
            "column": 20
          },
          "end": {
            "line": 50,
            "column": 21
          }
        },
        "type": "if",
        "locations": [
          {
            "start": {
              "line": 45,
              "column": 20
            },
            "end": {
              "line": 50,
              "column": 21
            }
          },
          {
            "start": {},
            "end": {}
          }
        ],
        "line": 45
      },
      "1": {
        "loc": {
          "start": {
            "line": 45,
            "column": 24
          },
          "end": {
            "line": 46,
            "column": 100
          }
        },
        "type": "binary-expr",
        "locations": [
          {
            "start": {
              "line": 45,
              "column": 25
            },
            "end": {
              "line": 45,
              "column": 48
            }
          },
          {
            "start": {
              "line": 46,
              "column": 25
            },
            "end": {
              "line": 46,
              "column": 67
            }
          },
          {
            "start": {
              "line": 46,
              "column": 71
            },
            "end": {
              "line": 46,
              "column": 99
            }
          }
        ],
        "line": 45
      },
      "2": {
        "loc": {
          "start": {
            "line": 47,
            "column": 24
          },
          "end": {
            "line": 49,
            "column": 25
          }
        },
        "type": "if",
        "locations": [
          {
            "start": {
              "line": 47,
              "column": 24
            },
            "end": {
              "line": 49,
              "column": 25
            }
          },
          {
            "start": {},
            "end": {}
          }
        ],
        "line": 47
      },
      "3": {
        "loc": {
          "start": {
            "line": 59,
            "column": 8
          },
          "end": {
            "line": 62,
            "column": 9
          }
        },
        "type": "if",
        "locations": [
          {
            "start": {
              "line": 59,
              "column": 8
            },
            "end": {
              "line": 62,
              "column": 9
            }
          },
          {
            "start": {},
            "end": {}
          }
        ],
        "line": 59
      },
      "4": {
        "loc": {
          "start": {
            "line": 63,
            "column": 8
          },
          "end": {
            "line": 65,
            "column": 9
          }
        },
        "type": "if",
        "locations": [
          {
            "start": {
              "line": 63,
              "column": 8
            },
            "end": {
              "line": 65,
              "column": 9
            }
          },
          {
            "start": {},
            "end": {}
          }
        ],
        "line": 63
      },
      "5": {
        "loc": {
          "start": {
            "line": 63,
            "column": 12
          },
          "end": {
            "line": 63,
            "column": 53
          }
        },
        "type": "binary-expr",
        "locations": [
          {
            "start": {
              "line": 63,
              "column": 12
            },
            "end": {
              "line": 63,
              "column": 35
            }
          },
          {
            "start": {
              "line": 63,
              "column": 39
            },
            "end": {
              "line": 63,
              "column": 53
            }
          }
        ],
        "line": 63
      },
      "6": {
        "loc": {
          "start": {
            "line": 66,
            "column": 8
          },
          "end": {
            "line": 68,
            "column": 9
          }
        },
        "type": "if",
        "locations": [
          {
            "start": {
              "line": 66,
              "column": 8
            },
            "end": {
              "line": 68,
              "column": 9
            }
          },
          {
            "start": {},
            "end": {}
          }
        ],
        "line": 66
      },
      "7": {
        "loc": {
          "start": {
            "line": 94,
            "column": 17
          },
          "end": {
            "line": 108,
            "column": 22
          }
        },
        "type": "binary-expr",
        "locations": [
          {
            "start": {
              "line": 94,
              "column": 18
            },
            "end": {
              "line": 94,
              "column": 30
            }
          },
          {
            "start": {
              "line": 94,
              "column": 34
            },
            "end": {
              "line": 94,
              "column": 48
            }
          },
          {
            "start": {
              "line": 95,
              "column": 20
            },
            "end": {
              "line": 108,
              "column": 22
            }
          }
        ],
        "line": 94
      },
      "8": {
        "loc": {
          "start": {
            "line": 110,
            "column": 17
          },
          "end": {
            "line": 124,
            "column": 22
          }
        },
        "type": "binary-expr",
        "locations": [
          {
            "start": {
              "line": 110,
              "column": 18
            },
            "end": {
              "line": 110,
              "column": 29
            }
          },
          {
            "start": {
              "line": 110,
              "column": 33
            },
            "end": {
              "line": 110,
              "column": 47
            }
          },
          {
            "start": {
              "line": 111,
              "column": 20
            },
            "end": {
              "line": 124,
              "column": 22
            }
          }
        ],
        "line": 110
      },
      "9": {
        "loc": {
          "start": {
            "line": 126,
            "column": 17
          },
          "end": {
            "line": 130,
            "column": 22
          }
        },
        "type": "binary-expr",
        "locations": [
          {
            "start": {
              "line": 126,
              "column": 18
            },
            "end": {
              "line": 126,
              "column": 34
            }
          },
          {
            "start": {
              "line": 126,
              "column": 38
            },
            "end": {
              "line": 126,
              "column": 49
            }
          },
          {
            "start": {
              "line": 127,
              "column": 20
            },
            "end": {
              "line": 130,
              "column": 22
            }
          }
        ],
        "line": 126
      },
      "10": {
        "loc": {
          "start": {
            "line": 133,
            "column": 21
          },
          "end": {
            "line": 143,
            "column": 22
          }
        },
        "type": "binary-expr",
        "locations": [
          {
            "start": {
              "line": 133,
              "column": 22
            },
            "end": {
              "line": 133,
              "column": 45
            }
          },
          {
            "start": {
              "line": 133,
              "column": 49
            },
            "end": {
              "line": 133,
              "column": 67
            }
          },
          {
            "start": {
              "line": 133,
              "column": 71
            },
            "end": {
              "line": 133,
              "column": 88
            }
          },
          {
            "start": {
              "line": 134,
              "column": 20
            },
            "end": {
              "line": 143,
              "column": 22
            }
          }
        ],
        "line": 133
      },
      "11": {
        "loc": {
          "start": {
            "line": 144,
            "column": 21
          },
          "end": {
            "line": 144,
            "column": 59
          }
        },
        "type": "binary-expr",
        "locations": [
          {
            "start": {
              "line": 144,
              "column": 21
            },
            "end": {
              "line": 144,
              "column": 37
            }
          },
          {
            "start": {
              "line": 144,
              "column": 41
            },
            "end": {
              "line": 144,
              "column": 59
            }
          }
        ],
        "line": 144
      },
      "12": {
        "loc": {
          "start": {
            "line": 145,
            "column": 21
          },
          "end": {
            "line": 146,
            "column": 87
          }
        },
        "type": "binary-expr",
        "locations": [
          {
            "start": {
              "line": 145,
              "column": 22
            },
            "end": {
              "line": 145,
              "column": 45
            }
          },
          {
            "start": {
              "line": 145,
              "column": 49
            },
            "end": {
              "line": 145,
              "column": 75
            }
          },
          {
            "start": {
              "line": 145,
              "column": 79
            },
            "end": {
              "line": 145,
              "column": 96
            }
          },
          {
            "start": {
              "line": 146,
              "column": 20
            },
            "end": {
              "line": 146,
              "column": 87
            }
          }
        ],
        "line": 145
      }
    },
    "s": {
      "0": 8,
      "1": 196,
      "2": 196,
      "3": 196,
      "4": 244,
      "5": 196,
      "6": 244,
      "7": 196,
      "8": 244,
      "9": 196,
      "10": 244,
      "11": 196,
      "12": 196,
      "13": 196,
      "14": 196,
      "15": 196,
      "16": 196,
      "17": 46,
      "18": 46,
      "19": 46,
      "20": 46,
      "21": 46,
      "22": 46,
      "23": 46,
      "24": 736,
      "25": 736,
      "26": 6624,
      "27": 52992,
      "28": 312,
      "29": 312,
      "30": 46,
      "31": 46,
      "32": 196,
      "33": 46,
      "34": 0,
      "35": 0,
      "36": 46,
      "37": 46,
      "38": 46,
      "39": 2,
      "40": 196,
      "41": 4,
      "42": 196,
      "43": 2,
      "44": 196,
      "45": 2,
      "46": 196,
      "47": 2,
      "48": 2,
      "49": 2,
      "50": 196,
      "51": 1248,
      "52": 2
    },
    "f": {
      "0": 196,
      "1": 244,
      "2": 244,
      "3": 244,
      "4": 244,
      "5": 46,
      "6": 6624,
      "7": 52992,
      "8": 46,
      "9": 4,
      "10": 2,
      "11": 2,
      "12": 2,
      "13": 1248,
      "14": 2
    },
    "b": {
      "0": [
        312,
        52680
      ],
      "1": [
        52992,
        5888,
        736
      ],
      "2": [
        312,
        0
      ],
      "3": [
        0,
        46
      ],
      "4": [
        46,
        0
      ],
      "5": [
        46,
        46
      ],
      "6": [
        2,
        44
      ],
      "7": [
        196,
        52,
        52
      ],
      "8": [
        196,
        144,
        144
      ],
      "9": [
        196,
        8,
        4
      ],
      "10": [
        196,
        196,
        196,
        180
      ],
      "11": [
        196,
        16
      ],
      "12": [
        196,
        196,
        20,
        4
      ]
    },
    "_coverageSchema": "1a1c01bbd47fc00a2c39e90264f33305004495a9",
    "hash": "db73d1dfd7123aba2e4d08a25e38cbdb6725ca5d"
  }
}